<?xml version="1.0" encoding="UTF-8"?>
<!-- Generated by org.testng.reporters.JUnitReportReporter -->
<testsuite skipped="0" hostname="KNY-LENOVO1662" name="testcases.FirstTest" tests="2" failures="0" timestamp="31 May 2019 23:38:50 GMT" time="3.692" errors="0">
  <testcase name="homePageTest" time="3.692" classname="testcases.FirstTest"/>
  <testcase name="basicTest" time="0.000" classname="testcases.FirstTest"/>
</testsuite> <!-- testcases.FirstTest -->
